<?xml version="1.0" encoding="UTF-8"?>
<!-- Generated by org.testng.reporters.JUnitReportReporter -->
<testsuite hostname="AmaX" failures="0" tests="1" name="Demo.UrvashiDemo.Sc" time="20.971" errors="0" timestamp="2023-09-06T18:04:48 IST" skipped="0">
  <testcase classname="Demo.UrvashiDemo.Sc" name="screenshot" time="20.971"/>
</testsuite> <!-- Demo.UrvashiDemo.Sc -->
