<?xml version="1.0" encoding="UTF-8"?>
<!-- Generated by org.testng.reporters.JUnitReportReporter -->
<testsuite hostname="AmaX" failures="0" tests="1" name="testcases.verifyLoginOrangehrm" time="27.109" errors="0" timestamp="2023-09-10T22:46:25 IST" skipped="0">
  <testcase classname="testcases.verifyLoginOrangehrm" name="login" time="27.109"/>
</testsuite> <!-- testcases.verifyLoginOrangehrm -->
