<?xml version="1.0" encoding="UTF-8"?>
<!-- Generated by org.testng.reporters.JUnitReportReporter -->
<testsuite hostname="AmaX" failures="0" tests="1" name="testcases.verifyLogIn2ORNG" time="16.538" errors="0" timestamp="2023-09-10T07:36:11 IST" skipped="0">
  <testcase classname="testcases.verifyLogIn2ORNG" name="login" time="16.538"/>
</testsuite> <!-- testcases.verifyLogIn2ORNG -->
