<?xml version="1.0" encoding="UTF-8"?>
<!-- Generated by org.testng.reporters.JUnitReportReporter -->
<testsuite hostname="AmaX" failures="0" tests="1" name="Demo.UrvashiDemo.HandlingExcelsheet" time="1.206" errors="0" timestamp="2023-09-05T18:15:55 IST" skipped="0">
  <testcase classname="Demo.UrvashiDemo.HandlingExcelsheet" name="handlingexelsheets" time="1.206"/>
</testsuite> <!-- Demo.UrvashiDemo.HandlingExcelsheet -->
