<?xml version="1.0" encoding="UTF-8"?>
<!-- Generated by org.testng.reporters.JUnitReportReporter -->
<testsuite hostname="AmaX" failures="0" tests="1" name="Demo.UrvashiDemo.Printalllinks" time="23.970" errors="0" timestamp="2023-09-05T18:32:40 IST" skipped="0">
  <testcase classname="Demo.UrvashiDemo.Printalllinks" name="printalllinks" time="23.970"/>
</testsuite> <!-- Demo.UrvashiDemo.Printalllinks -->
