<?xml version="1.0" encoding="UTF-8"?>
<!-- Generated by org.testng.reporters.JUnitReportReporter -->
<testsuite hostname="AmaX" failures="0" tests="1" name="Demo.UrvashiDemo.A" time="16.442" errors="0" timestamp="2023-09-01T14:42:36 IST" skipped="0">
  <testcase classname="Demo.UrvashiDemo.A" name="uv" time="16.442"/>
</testsuite> <!-- Demo.UrvashiDemo.A -->
