<?xml version="1.0" encoding="UTF-8"?>
<!-- Generated by org.testng.reporters.JUnitReportReporter -->
<testsuite hostname="AmaX" failures="0" tests="1" name="Demo.UrvashiDemo.VerifyLogin2" time="57.786" errors="0" timestamp="2023-09-11T19:38:48 IST" skipped="0">
  <testcase classname="Demo.UrvashiDemo.VerifyLogin2" name="login" time="57.786"/>
</testsuite> <!-- Demo.UrvashiDemo.VerifyLogin2 -->
