<?xml version="1.0" encoding="UTF-8"?>
<!-- Generated by org.testng.reporters.JUnitReportReporter -->
<testsuite hostname="AmaX" failures="0" tests="1" name="Demo.UrvashiDemo.VerifyLogin" time="36.234" errors="0" timestamp="2023-09-08T15:36:58 IST" skipped="0">
  <testcase classname="Demo.UrvashiDemo.VerifyLogin" name="Login" time="36.234"/>
</testsuite> <!-- Demo.UrvashiDemo.VerifyLogin -->
